Using pre-set license
Built from '2020.3/staging' branch; Version is '2020.3.8f1 (507919d4fff5) revision 5273881'; Using compiler version '192528614'; Build Type 'Release'
OS: 'Windows 10 Home; OS build 19042.1165; Version 2009; 64bit' Language: 'en' Physical Memory: 16290 MB
BatchMode: 1, IsHumanControllingUs: 0, StartBugReporterOnCrash: 0, Is64bit: 1, IsPro: 0

 COMMAND LINE ARGUMENTS:
C:\Program Files\Unity\Hub\Editor\2020.3.8f1\Editor\Unity.exe
-adb2
-batchMode
-noUpm
-name
AssetImportWorker0
-projectPath
C:/Users/finn2/Documents/GitHub/COMP 159 2D Game Project
-logFile
Logs/AssetImportWorker0.log
-srvPort
63647
Successfully changed project path to: C:/Users/finn2/Documents/GitHub/COMP 159 2D Game Project
C:/Users/finn2/Documents/GitHub/COMP 159 2D Game Project
Using Asset Import Pipeline V2.
Refreshing native plugins compatible for Editor in 49.95 ms, found 0 plugins.
Preloading 0 native plugins for Editor in 0.00 ms.
Initialize engine version: 2020.3.8f1 (507919d4fff5)
[Subsystems] Discovering subsystems at path C:/Program Files/Unity/Hub/Editor/2020.3.8f1/Editor/Data/Resources/UnitySubsystems
[Subsystems] Discovering subsystems at path C:/Users/finn2/Documents/GitHub/COMP 159 2D Game Project/Assets
GfxDevice: creating device client; threaded=0
Direct3D:
    Version:  Direct3D 11.0 [level 11.1]
    Renderer: NVIDIA GeForce RTX 2080 Ti (ID=0x1e04)
    Vendor:   
    VRAM:     11048 MB
    Driver:   27.21.14.6089
Initialize mono
Mono path[0] = 'C:/Program Files/Unity/Hub/Editor/2020.3.8f1/Editor/Data/Managed'
Mono path[1] = 'C:/Program Files/Unity/Hub/Editor/2020.3.8f1/Editor/Data/MonoBleedingEdge/lib/mono/unityjit'
Mono config path = 'C:/Program Files/Unity/Hub/Editor/2020.3.8f1/Editor/Data/MonoBleedingEdge/etc'
Using monoOptions --debugger-agent=transport=dt_socket,embedding=1,server=y,suspend=n,address=127.0.0.1:56836
Begin MonoManager ReloadAssembly
Registering precompiled unity dll's ...
Register platform support module: C:/Program Files/Unity/Hub/Editor/2020.3.8f1/Editor/Data/PlaybackEngines/WebGLSupport/UnityEditor.WebGL.Extensions.dll
Register platform support module: C:/Program Files/Unity/Hub/Editor/2020.3.8f1/Editor/Data/PlaybackEngines/WindowsStandaloneSupport/UnityEditor.WindowsStandalone.Extensions.dll
Registered in 0.002424 seconds.
Native extension for WindowsStandalone target not found
Native extension for WebGL target not found
Refreshing native plugins compatible for Editor in 39.92 ms, found 0 plugins.
Preloading 0 native plugins for Editor in 0.00 ms.
Mono: successfully reloaded assembly
- Completed reload, in  1.201 seconds
Platform modules already initialized, skipping
Registering precompiled user dll's ...
Registered in 0.002174 seconds.
Begin MonoManager ReloadAssembly
Native extension for WindowsStandalone target not found
Native extension for WebGL target not found
Refreshing native plugins compatible for Editor in 0.50 ms, found 0 plugins.
Preloading 0 native plugins for Editor in 0.00 ms.
Mono: successfully reloaded assembly
- Completed reload, in  0.910 seconds
Platform modules already initialized, skipping
========================================================================
Worker process is ready to serve import requests
Launched and connected shader compiler UnityShaderCompiler.exe after 0.04 seconds
Refreshing native plugins compatible for Editor in 0.49 ms, found 0 plugins.
Preloading 0 native plugins for Editor in 0.00 ms.
Unloading 1662 Unused Serialized files (Serialized files now loaded: 0)
System memory in use before: 71.2 MB.
System memory in use after: 71.2 MB.

Unloading 49 unused Assets to reduce memory usage. Loaded Objects now: 2076.
Total: 4.982400 ms (FindLiveObjects: 0.156300 ms CreateObjectMapping: 0.047400 ms MarkObjects: 4.716000 ms  DeleteObjects: 0.061900 ms)

========================================================================
Received Import Request.
  path: Assets/Scenes
  artifactKey: Guid(c87f8ca7d4d5bfb4abcabdb97d982b49) Importer(815301076,1909f56bfc062723c751e8b465ee728b)
Start importing Assets/Scenes using Guid(c87f8ca7d4d5bfb4abcabdb97d982b49) Importer(815301076,1909f56bfc062723c751e8b465ee728b)  -> (artifact id: 'a999692480ea55fee84e0993960e2bd5') in 0.007648 seconds
  Import took 0.023713 seconds .

========================================================================
Received Import Request.
  Time since last request: 0.272195 seconds.
  path: Assets/Scenes
  artifactKey: Guid(c87f8ca7d4d5bfb4abcabdb97d982b49) Importer(815301076,1909f56bfc062723c751e8b465ee728b)
Start importing Assets/Scenes using Guid(c87f8ca7d4d5bfb4abcabdb97d982b49) Importer(815301076,1909f56bfc062723c751e8b465ee728b)  -> (artifact id: 'a999692480ea55fee84e0993960e2bd5') in 0.003004 seconds
  Import took 0.005366 seconds .

========================================================================
Received Import Request.
  Time since last request: 7.890503 seconds.
  path: Assets/Scenes/MenuScene.unity
  artifactKey: Guid(aa5400a6d66a82245b674b1ebc465713) Importer(815301076,1909f56bfc062723c751e8b465ee728b)
Start importing Assets/Scenes/MenuScene.unity using Guid(aa5400a6d66a82245b674b1ebc465713) Importer(815301076,1909f56bfc062723c751e8b465ee728b)  -> (artifact id: '3306edf48d17ad69d86cb1028473eac1') in 0.013382 seconds
  Import took 0.016323 seconds .

========================================================================
Received Import Request.
  Time since last request: 131.452052 seconds.
  path: Assets/Scenes/GameScene.unity
  artifactKey: Guid(fcb6d6b60d36291489127d35e6c7cc48) Importer(815301076,1909f56bfc062723c751e8b465ee728b)
Start importing Assets/Scenes/GameScene.unity using Guid(fcb6d6b60d36291489127d35e6c7cc48) Importer(815301076,1909f56bfc062723c751e8b465ee728b)  -> (artifact id: 'f42c0d7a3ca6620769099567aac8ed5c') in 0.016173 seconds
  Import took 0.021341 seconds .

========================================================================
Received Import Request.
  Time since last request: 8.109538 seconds.
  path: Assets/Scenes/MenuScene.unity
  artifactKey: Guid(aa5400a6d66a82245b674b1ebc465713) Importer(815301076,1909f56bfc062723c751e8b465ee728b)
Start importing Assets/Scenes/MenuScene.unity using Guid(aa5400a6d66a82245b674b1ebc465713) Importer(815301076,1909f56bfc062723c751e8b465ee728b)  -> (artifact id: 'd98da0e31ac7a08dbbeea44c5d3ec88c') in 0.003490 seconds
  Import took 0.006360 seconds .

========================================================================
Received Import Request.
  Time since last request: 0.000389 seconds.
  path: Assets/Scenes/MenuScene.unity
  artifactKey: Guid(aa5400a6d66a82245b674b1ebc465713) Importer(815301076,1909f56bfc062723c751e8b465ee728b)
Start importing Assets/Scenes/MenuScene.unity using Guid(aa5400a6d66a82245b674b1ebc465713) Importer(815301076,1909f56bfc062723c751e8b465ee728b)  -> (artifact id: 'd98da0e31ac7a08dbbeea44c5d3ec88c') in 0.003220 seconds
  Import took 0.005450 seconds .

========================================================================
Received Import Request.
  Time since last request: 2.813457 seconds.
  path: Assets/Prefabs/Hero.prefab
  artifactKey: Guid(f84d5bd07a226e5469f1091c8355dd34) Importer(815301076,1909f56bfc062723c751e8b465ee728b)
Start importing Assets/Prefabs/Hero.prefab using Guid(f84d5bd07a226e5469f1091c8355dd34) Importer(815301076,1909f56bfc062723c751e8b465ee728b)  -> (artifact id: 'dc2301575f79d2cff0c01ff1e6384260') in 0.099184 seconds
  Import took 0.101654 seconds .

========================================================================
Received Prepare
Registering precompiled user dll's ...
Registered in 0.002122 seconds.
Begin MonoManager ReloadAssembly
Native extension for WindowsStandalone target not found
Native extension for WebGL target not found
Refreshing native plugins compatible for Editor in 0.51 ms, found 0 plugins.
Preloading 0 native plugins for Editor in 0.00 ms.
Mono: successfully reloaded assembly
- Completed reload, in  0.859 seconds
Platform modules already initialized, skipping
Refreshing native plugins compatible for Editor in 0.52 ms, found 0 plugins.
Preloading 0 native plugins for Editor in 0.00 ms.
Unloading 1656 Unused Serialized files (Serialized files now loaded: 0)
System memory in use before: 74.1 MB.
System memory in use after: 74.2 MB.

Unloading 40 unused Assets to reduce memory usage. Loaded Objects now: 2086.
Total: 5.067800 ms (FindLiveObjects: 0.152900 ms CreateObjectMapping: 0.047300 ms MarkObjects: 4.843100 ms  DeleteObjects: 0.023600 ms)

========================================================================
Received Import Request.
  Time since last request: 163.856460 seconds.
  path: Assets/Scripts/MenuController.cs
  artifactKey: Guid(1098ce0ad264f12499d7f9ab5d0b0690) Importer(815301076,1909f56bfc062723c751e8b465ee728b)
Start importing Assets/Scripts/MenuController.cs using Guid(1098ce0ad264f12499d7f9ab5d0b0690) Importer(815301076,1909f56bfc062723c751e8b465ee728b)  -> (artifact id: 'a15b4bc6954a15c23dda64016878713a') in 0.011940 seconds
  Import took 0.014443 seconds .

========================================================================
Received Prepare
Registering precompiled user dll's ...
Registered in 0.002099 seconds.
Begin MonoManager ReloadAssembly
Native extension for WindowsStandalone target not found
Native extension for WebGL target not found
Refreshing native plugins compatible for Editor in 0.50 ms, found 0 plugins.
Preloading 0 native plugins for Editor in 0.00 ms.
Mono: successfully reloaded assembly
- Completed reload, in  0.872 seconds
Platform modules already initialized, skipping
Refreshing native plugins compatible for Editor in 0.49 ms, found 0 plugins.
Preloading 0 native plugins for Editor in 0.00 ms.
Unloading 1657 Unused Serialized files (Serialized files now loaded: 0)
System memory in use before: 74.2 MB.
System memory in use after: 74.3 MB.

Unloading 40 unused Assets to reduce memory usage. Loaded Objects now: 2090.
Total: 4.720500 ms (FindLiveObjects: 0.177900 ms CreateObjectMapping: 0.049700 ms MarkObjects: 4.471300 ms  DeleteObjects: 0.020800 ms)

========================================================================
Received Prepare
Registering precompiled user dll's ...
Registered in 0.002097 seconds.
Begin MonoManager ReloadAssembly
Native extension for WindowsStandalone target not found
Native extension for WebGL target not found
Refreshing native plugins compatible for Editor in 0.52 ms, found 0 plugins.
Preloading 0 native plugins for Editor in 0.00 ms.
Mono: successfully reloaded assembly
- Completed reload, in  0.860 seconds
Platform modules already initialized, skipping
Refreshing native plugins compatible for Editor in 0.52 ms, found 0 plugins.
Preloading 0 native plugins for Editor in 0.00 ms.
Unloading 1657 Unused Serialized files (Serialized files now loaded: 0)
System memory in use before: 74.3 MB.
System memory in use after: 74.4 MB.

Unloading 40 unused Assets to reduce memory usage. Loaded Objects now: 2093.
Total: 5.092500 ms (FindLiveObjects: 0.157000 ms CreateObjectMapping: 0.055400 ms MarkObjects: 4.859000 ms  DeleteObjects: 0.020100 ms)

========================================================================
Received Prepare
Registering precompiled user dll's ...
Registered in 0.002084 seconds.
Begin MonoManager ReloadAssembly
Native extension for WindowsStandalone target not found
Native extension for WebGL target not found
Refreshing native plugins compatible for Editor in 0.51 ms, found 0 plugins.
Preloading 0 native plugins for Editor in 0.00 ms.
Mono: successfully reloaded assembly
- Completed reload, in  0.858 seconds
Platform modules already initialized, skipping
Refreshing native plugins compatible for Editor in 0.51 ms, found 0 plugins.
Preloading 0 native plugins for Editor in 0.00 ms.
Unloading 1657 Unused Serialized files (Serialized files now loaded: 0)
System memory in use before: 74.3 MB.
System memory in use after: 74.4 MB.

Unloading 40 unused Assets to reduce memory usage. Loaded Objects now: 2096.
Total: 4.890600 ms (FindLiveObjects: 0.150800 ms CreateObjectMapping: 0.052000 ms MarkObjects: 4.665800 ms  DeleteObjects: 0.020800 ms)

========================================================================
Received Prepare
Registering precompiled user dll's ...
Registered in 0.002050 seconds.
Begin MonoManager ReloadAssembly
Native extension for WindowsStandalone target not found
Native extension for WebGL target not found
Refreshing native plugins compatible for Editor in 0.53 ms, found 0 plugins.
Preloading 0 native plugins for Editor in 0.00 ms.
Mono: successfully reloaded assembly
- Completed reload, in  0.865 seconds
Platform modules already initialized, skipping
Refreshing native plugins compatible for Editor in 0.51 ms, found 0 plugins.
Preloading 0 native plugins for Editor in 0.00 ms.
Unloading 1657 Unused Serialized files (Serialized files now loaded: 0)
System memory in use before: 74.3 MB.
System memory in use after: 74.4 MB.

Unloading 40 unused Assets to reduce memory usage. Loaded Objects now: 2099.
Total: 4.802900 ms (FindLiveObjects: 0.150700 ms CreateObjectMapping: 0.051800 ms MarkObjects: 4.578100 ms  DeleteObjects: 0.021300 ms)

========================================================================
Received Prepare
Registering precompiled user dll's ...
Registered in 0.001990 seconds.
Begin MonoManager ReloadAssembly
Native extension for WindowsStandalone target not found
Native extension for WebGL target not found
Refreshing native plugins compatible for Editor in 0.55 ms, found 0 plugins.
Preloading 0 native plugins for Editor in 0.00 ms.
Mono: successfully reloaded assembly
- Completed reload, in  0.936 seconds
Platform modules already initialized, skipping
Refreshing native plugins compatible for Editor in 0.53 ms, found 0 plugins.
Preloading 0 native plugins for Editor in 0.00 ms.
Unloading 1657 Unused Serialized files (Serialized files now loaded: 0)
System memory in use before: 74.3 MB.
System memory in use after: 74.4 MB.

Unloading 40 unused Assets to reduce memory usage. Loaded Objects now: 2102.
Total: 5.302300 ms (FindLiveObjects: 0.138800 ms CreateObjectMapping: 0.051100 ms MarkObjects: 5.089800 ms  DeleteObjects: 0.021500 ms)

========================================================================
Received Prepare
Registering precompiled user dll's ...
Registered in 0.002104 seconds.
Begin MonoManager ReloadAssembly
Native extension for WindowsStandalone target not found
Native extension for WebGL target not found
Refreshing native plugins compatible for Editor in 0.51 ms, found 0 plugins.
Preloading 0 native plugins for Editor in 0.00 ms.
Mono: successfully reloaded assembly
- Completed reload, in  0.872 seconds
Platform modules already initialized, skipping
Refreshing native plugins compatible for Editor in 0.52 ms, found 0 plugins.
Preloading 0 native plugins for Editor in 0.00 ms.
Unloading 1657 Unused Serialized files (Serialized files now loaded: 0)
System memory in use before: 74.3 MB.
System memory in use after: 74.4 MB.

Unloading 40 unused Assets to reduce memory usage. Loaded Objects now: 2105.
Total: 5.037500 ms (FindLiveObjects: 0.155000 ms CreateObjectMapping: 0.052900 ms MarkObjects: 4.804000 ms  DeleteObjects: 0.024400 ms)

========================================================================
Received Import Request.
  Time since last request: 443.555127 seconds.
  path: Assets/Scenes/GameScene.unity
  artifactKey: Guid(fcb6d6b60d36291489127d35e6c7cc48) Importer(815301076,1909f56bfc062723c751e8b465ee728b)
Start importing Assets/Scenes/GameScene.unity using Guid(fcb6d6b60d36291489127d35e6c7cc48) Importer(815301076,1909f56bfc062723c751e8b465ee728b)  -> (artifact id: 'c6b10c6a0cf34a4765229e9f2d15ed99') in 0.013553 seconds
  Import took 0.016284 seconds .

========================================================================
Received Prepare
Registering precompiled user dll's ...
Registered in 0.001987 seconds.
Begin MonoManager ReloadAssembly
Native extension for WindowsStandalone target not found
Native extension for WebGL target not found
Refreshing native plugins compatible for Editor in 0.51 ms, found 0 plugins.
Preloading 0 native plugins for Editor in 0.00 ms.
Mono: successfully reloaded assembly
- Completed reload, in  0.846 seconds
Platform modules already initialized, skipping
Refreshing native plugins compatible for Editor in 0.51 ms, found 0 plugins.
Preloading 0 native plugins for Editor in 0.00 ms.
Unloading 1657 Unused Serialized files (Serialized files now loaded: 0)
System memory in use before: 74.3 MB.
System memory in use after: 74.4 MB.

Unloading 40 unused Assets to reduce memory usage. Loaded Objects now: 2108.
Total: 4.869700 ms (FindLiveObjects: 0.145300 ms CreateObjectMapping: 0.047200 ms MarkObjects: 4.656700 ms  DeleteObjects: 0.019500 ms)

========================================================================
Received Import Request.
  Time since last request: 47.479338 seconds.
  path: Assets/Scenes/MenuScene.unity
  artifactKey: Guid(aa5400a6d66a82245b674b1ebc465713) Importer(815301076,1909f56bfc062723c751e8b465ee728b)
Start importing Assets/Scenes/MenuScene.unity using Guid(aa5400a6d66a82245b674b1ebc465713) Importer(815301076,1909f56bfc062723c751e8b465ee728b)  -> (artifact id: 'a97b248c3b8bc06aef05700723e4de5f') in 0.010450 seconds
  Import took 0.012863 seconds .

========================================================================
Received Import Request.
  Time since last request: 18.231168 seconds.
  path: Assets/Scripts/GameManager.cs
  artifactKey: Guid(41a584c37aafeed468571a99dbbdd451) Importer(815301076,1909f56bfc062723c751e8b465ee728b)
Start importing Assets/Scripts/GameManager.cs using Guid(41a584c37aafeed468571a99dbbdd451) Importer(815301076,1909f56bfc062723c751e8b465ee728b)  -> (artifact id: '2ce44cb3824f7f4dfe6a89ac839daf8a') in 0.007789 seconds
  Import took 0.010283 seconds .

========================================================================
Received Prepare
Registering precompiled user dll's ...
Registered in 0.002140 seconds.
Begin MonoManager ReloadAssembly
Native extension for WindowsStandalone target not found
Native extension for WebGL target not found
Refreshing native plugins compatible for Editor in 0.56 ms, found 0 plugins.
Preloading 0 native plugins for Editor in 0.00 ms.
Mono: successfully reloaded assembly
- Completed reload, in  0.862 seconds
Platform modules already initialized, skipping
Refreshing native plugins compatible for Editor in 0.52 ms, found 0 plugins.
Preloading 0 native plugins for Editor in 0.00 ms.
Unloading 1657 Unused Serialized files (Serialized files now loaded: 0)
System memory in use before: 74.3 MB.
System memory in use after: 74.4 MB.

Unloading 40 unused Assets to reduce memory usage. Loaded Objects now: 2111.
Total: 5.255600 ms (FindLiveObjects: 0.367400 ms CreateObjectMapping: 0.114300 ms MarkObjects: 4.746500 ms  DeleteObjects: 0.025600 ms)

========================================================================
Received Import Request.
  Time since last request: 29.976386 seconds.
  path: Assets/Scripts/GameManager.cs
  artifactKey: Guid(41a584c37aafeed468571a99dbbdd451) Importer(815301076,1909f56bfc062723c751e8b465ee728b)
Start importing Assets/Scripts/GameManager.cs using Guid(41a584c37aafeed468571a99dbbdd451) Importer(815301076,1909f56bfc062723c751e8b465ee728b)  -> (artifact id: '043041eea8032fa196bd4f10a190edac') in 0.005503 seconds
  Import took 0.008293 seconds .

========================================================================
Received Import Request.
  Time since last request: 0.003530 seconds.
  path: Assets/Scripts/GameManager.cs
  artifactKey: Guid(41a584c37aafeed468571a99dbbdd451) Importer(815301076,1909f56bfc062723c751e8b465ee728b)
Start importing Assets/Scripts/GameManager.cs using Guid(41a584c37aafeed468571a99dbbdd451) Importer(815301076,1909f56bfc062723c751e8b465ee728b)  -> (artifact id: '043041eea8032fa196bd4f10a190edac') in 0.002262 seconds
  Import took 0.004616 seconds .

========================================================================
Received Prepare
Registering precompiled user dll's ...
Registered in 0.001986 seconds.
Begin MonoManager ReloadAssembly
Native extension for WindowsStandalone target not found
Native extension for WebGL target not found
Refreshing native plugins compatible for Editor in 0.50 ms, found 0 plugins.
Preloading 0 native plugins for Editor in 0.00 ms.
Mono: successfully reloaded assembly
- Completed reload, in  0.855 seconds
Platform modules already initialized, skipping
Refreshing native plugins compatible for Editor in 0.53 ms, found 0 plugins.
Preloading 0 native plugins for Editor in 0.00 ms.
Unloading 1657 Unused Serialized files (Serialized files now loaded: 0)
System memory in use before: 74.3 MB.
System memory in use after: 74.4 MB.

Unloading 40 unused Assets to reduce memory usage. Loaded Objects now: 2114.
Total: 4.663500 ms (FindLiveObjects: 0.143100 ms CreateObjectMapping: 0.050300 ms MarkObjects: 4.448400 ms  DeleteObjects: 0.020800 ms)

========================================================================
Received Prepare
Registering precompiled user dll's ...
Registered in 0.002033 seconds.
Begin MonoManager ReloadAssembly
Native extension for WindowsStandalone target not found
Native extension for WebGL target not found
Refreshing native plugins compatible for Editor in 0.54 ms, found 0 plugins.
Preloading 0 native plugins for Editor in 0.00 ms.
Mono: successfully reloaded assembly
- Completed reload, in  0.860 seconds
Platform modules already initialized, skipping
Refreshing native plugins compatible for Editor in 0.52 ms, found 0 plugins.
Preloading 0 native plugins for Editor in 0.00 ms.
Unloading 1657 Unused Serialized files (Serialized files now loaded: 0)
System memory in use before: 74.3 MB.
System memory in use after: 74.4 MB.

Unloading 40 unused Assets to reduce memory usage. Loaded Objects now: 2117.
Total: 5.043300 ms (FindLiveObjects: 0.158800 ms CreateObjectMapping: 0.045300 ms MarkObjects: 4.814300 ms  DeleteObjects: 0.024000 ms)

========================================================================
Received Prepare
Registering precompiled user dll's ...
Registered in 0.002074 seconds.
Begin MonoManager ReloadAssembly
Native extension for WindowsStandalone target not found
Native extension for WebGL target not found
Refreshing native plugins compatible for Editor in 0.52 ms, found 0 plugins.
Preloading 0 native plugins for Editor in 0.00 ms.
Mono: successfully reloaded assembly
- Completed reload, in  0.879 seconds
Platform modules already initialized, skipping
Refreshing native plugins compatible for Editor in 0.49 ms, found 0 plugins.
Preloading 0 native plugins for Editor in 0.00 ms.
Unloading 1657 Unused Serialized files (Serialized files now loaded: 0)
System memory in use before: 74.3 MB.
System memory in use after: 74.5 MB.

Unloading 40 unused Assets to reduce memory usage. Loaded Objects now: 2120.
Total: 4.726000 ms (FindLiveObjects: 0.140500 ms CreateObjectMapping: 0.049700 ms MarkObjects: 4.514900 ms  DeleteObjects: 0.020000 ms)

========================================================================
Received Prepare
Registering precompiled user dll's ...
Registered in 0.001974 seconds.
Begin MonoManager ReloadAssembly
Native extension for WindowsStandalone target not found
Native extension for WebGL target not found
Refreshing native plugins compatible for Editor in 0.51 ms, found 0 plugins.
Preloading 0 native plugins for Editor in 0.00 ms.
Mono: successfully reloaded assembly
- Completed reload, in  0.881 seconds
Platform modules already initialized, skipping
Refreshing native plugins compatible for Editor in 0.60 ms, found 0 plugins.
Preloading 0 native plugins for Editor in 0.00 ms.
Unloading 1657 Unused Serialized files (Serialized files now loaded: 0)
System memory in use before: 74.3 MB.
System memory in use after: 74.5 MB.

Unloading 40 unused Assets to reduce memory usage. Loaded Objects now: 2123.
Total: 4.943300 ms (FindLiveObjects: 0.155000 ms CreateObjectMapping: 0.050400 ms MarkObjects: 4.716000 ms  DeleteObjects: 0.021000 ms)

========================================================================
Received Prepare
Registering precompiled user dll's ...
Registered in 0.002197 seconds.
Begin MonoManager ReloadAssembly
Native extension for WindowsStandalone target not found
Native extension for WebGL target not found
Refreshing native plugins compatible for Editor in 0.51 ms, found 0 plugins.
Preloading 0 native plugins for Editor in 0.00 ms.
Mono: successfully reloaded assembly
- Completed reload, in  0.890 seconds
Platform modules already initialized, skipping
Refreshing native plugins compatible for Editor in 0.59 ms, found 0 plugins.
Preloading 0 native plugins for Editor in 0.00 ms.
Unloading 1657 Unused Serialized files (Serialized files now loaded: 0)
System memory in use before: 74.4 MB.
System memory in use after: 74.5 MB.

Unloading 40 unused Assets to reduce memory usage. Loaded Objects now: 2126.
Total: 4.837700 ms (FindLiveObjects: 0.161700 ms CreateObjectMapping: 0.050000 ms MarkObjects: 4.605700 ms  DeleteObjects: 0.019400 ms)

========================================================================
Received Prepare
Registering precompiled user dll's ...
Registered in 0.002100 seconds.
Begin MonoManager ReloadAssembly
Native extension for WindowsStandalone target not found
Native extension for WebGL target not found
Refreshing native plugins compatible for Editor in 0.51 ms, found 0 plugins.
Preloading 0 native plugins for Editor in 0.00 ms.
Mono: successfully reloaded assembly
- Completed reload, in  0.864 seconds
Platform modules already initialized, skipping
Refreshing native plugins compatible for Editor in 0.54 ms, found 0 plugins.
Preloading 0 native plugins for Editor in 0.00 ms.
Unloading 1657 Unused Serialized files (Serialized files now loaded: 0)
System memory in use before: 74.4 MB.
System memory in use after: 74.5 MB.

Unloading 40 unused Assets to reduce memory usage. Loaded Objects now: 2129.
Total: 5.215300 ms (FindLiveObjects: 0.168200 ms CreateObjectMapping: 0.049700 ms MarkObjects: 4.973500 ms  DeleteObjects: 0.022700 ms)

========================================================================
Received Prepare
Registering precompiled user dll's ...
Registered in 0.002087 seconds.
Begin MonoManager ReloadAssembly
Native extension for WindowsStandalone target not found
Native extension for WebGL target not found
Refreshing native plugins compatible for Editor in 0.53 ms, found 0 plugins.
Preloading 0 native plugins for Editor in 0.00 ms.
Mono: successfully reloaded assembly
- Completed reload, in  0.867 seconds
Platform modules already initialized, skipping
Refreshing native plugins compatible for Editor in 0.52 ms, found 0 plugins.
Preloading 0 native plugins for Editor in 0.00 ms.
Unloading 1657 Unused Serialized files (Serialized files now loaded: 0)
System memory in use before: 74.4 MB.
System memory in use after: 74.5 MB.

Unloading 40 unused Assets to reduce memory usage. Loaded Objects now: 2132.
Total: 4.621400 ms (FindLiveObjects: 0.147800 ms CreateObjectMapping: 0.050600 ms MarkObjects: 4.400900 ms  DeleteObjects: 0.021000 ms)

========================================================================
Received Prepare
Registering precompiled user dll's ...
Registered in 0.001995 seconds.
Begin MonoManager ReloadAssembly
Native extension for WindowsStandalone target not found
Native extension for WebGL target not found
Refreshing native plugins compatible for Editor in 0.54 ms, found 0 plugins.
Preloading 0 native plugins for Editor in 0.00 ms.
Mono: successfully reloaded assembly
- Completed reload, in  0.848 seconds
Platform modules already initialized, skipping
Refreshing native plugins compatible for Editor in 0.52 ms, found 0 plugins.
Preloading 0 native plugins for Editor in 0.00 ms.
Unloading 1657 Unused Serialized files (Serialized files now loaded: 0)
System memory in use before: 74.4 MB.
System memory in use after: 74.5 MB.

Unloading 40 unused Assets to reduce memory usage. Loaded Objects now: 2135.
Total: 5.095800 ms (FindLiveObjects: 0.172300 ms CreateObjectMapping: 0.057900 ms MarkObjects: 4.839600 ms  DeleteObjects: 0.024900 ms)

========================================================================
Received Prepare
Registering precompiled user dll's ...
Registered in 0.002225 seconds.
Begin MonoManager ReloadAssembly
Native extension for WindowsStandalone target not found
Native extension for WebGL target not found
Refreshing native plugins compatible for Editor in 0.50 ms, found 0 plugins.
Preloading 0 native plugins for Editor in 0.00 ms.
Mono: successfully reloaded assembly
- Completed reload, in  0.855 seconds
Platform modules already initialized, skipping
Refreshing native plugins compatible for Editor in 0.52 ms, found 0 plugins.
Preloading 0 native plugins for Editor in 0.00 ms.
Unloading 1657 Unused Serialized files (Serialized files now loaded: 0)
System memory in use before: 74.4 MB.
System memory in use after: 74.5 MB.

Unloading 40 unused Assets to reduce memory usage. Loaded Objects now: 2138.
Total: 4.953000 ms (FindLiveObjects: 0.159600 ms CreateObjectMapping: 0.053700 ms MarkObjects: 4.717900 ms  DeleteObjects: 0.020800 ms)

========================================================================
Received Prepare
Registering precompiled user dll's ...
Registered in 0.002074 seconds.
Begin MonoManager ReloadAssembly
Native extension for WindowsStandalone target not found
Native extension for WebGL target not found
Refreshing native plugins compatible for Editor in 0.52 ms, found 0 plugins.
Preloading 0 native plugins for Editor in 0.00 ms.
Mono: successfully reloaded assembly
- Completed reload, in  0.855 seconds
Platform modules already initialized, skipping
Refreshing native plugins compatible for Editor in 0.50 ms, found 0 plugins.
Preloading 0 native plugins for Editor in 0.00 ms.
Unloading 1657 Unused Serialized files (Serialized files now loaded: 0)
System memory in use before: 74.4 MB.
System memory in use after: 74.5 MB.

Unloading 40 unused Assets to reduce memory usage. Loaded Objects now: 2141.
Total: 4.529900 ms (FindLiveObjects: 0.159800 ms CreateObjectMapping: 0.056800 ms MarkObjects: 4.290400 ms  DeleteObjects: 0.022000 ms)

========================================================================
Received Prepare
Registering precompiled user dll's ...
Registered in 0.002055 seconds.
Begin MonoManager ReloadAssembly
Native extension for WindowsStandalone target not found
Native extension for WebGL target not found
Refreshing native plugins compatible for Editor in 0.51 ms, found 0 plugins.
Preloading 0 native plugins for Editor in 0.00 ms.
Mono: successfully reloaded assembly
- Completed reload, in  0.852 seconds
Platform modules already initialized, skipping
Refreshing native plugins compatible for Editor in 0.53 ms, found 0 plugins.
Preloading 0 native plugins for Editor in 0.00 ms.
Unloading 1657 Unused Serialized files (Serialized files now loaded: 0)
System memory in use before: 74.4 MB.
System memory in use after: 74.5 MB.

Unloading 40 unused Assets to reduce memory usage. Loaded Objects now: 2144.
Total: 5.142700 ms (FindLiveObjects: 0.187000 ms CreateObjectMapping: 0.058400 ms MarkObjects: 4.867400 ms  DeleteObjects: 0.028600 ms)

========================================================================
Received Prepare
Registering precompiled user dll's ...
Registered in 0.001994 seconds.
Begin MonoManager ReloadAssembly
Native extension for WindowsStandalone target not found
Native extension for WebGL target not found
Refreshing native plugins compatible for Editor in 0.51 ms, found 0 plugins.
Preloading 0 native plugins for Editor in 0.00 ms.
Mono: successfully reloaded assembly
- Completed reload, in  0.872 seconds
Platform modules already initialized, skipping
Refreshing native plugins compatible for Editor in 0.52 ms, found 0 plugins.
Preloading 0 native plugins for Editor in 0.00 ms.
Unloading 1657 Unused Serialized files (Serialized files now loaded: 0)
System memory in use before: 74.4 MB.
System memory in use after: 74.5 MB.

Unloading 40 unused Assets to reduce memory usage. Loaded Objects now: 2147.
Total: 4.839800 ms (FindLiveObjects: 0.179200 ms CreateObjectMapping: 0.076500 ms MarkObjects: 4.558800 ms  DeleteObjects: 0.024100 ms)

========================================================================
Received Prepare
Registering precompiled user dll's ...
Registered in 0.002197 seconds.
Begin MonoManager ReloadAssembly
Native extension for WindowsStandalone target not found
Native extension for WebGL target not found
Refreshing native plugins compatible for Editor in 0.52 ms, found 0 plugins.
Preloading 0 native plugins for Editor in 0.00 ms.
Mono: successfully reloaded assembly
- Completed reload, in  0.862 seconds
Platform modules already initialized, skipping
Refreshing native plugins compatible for Editor in 0.53 ms, found 0 plugins.
Preloading 0 native plugins for Editor in 0.00 ms.
Unloading 1657 Unused Serialized files (Serialized files now loaded: 0)
System memory in use before: 74.4 MB.
System memory in use after: 74.5 MB.

Unloading 40 unused Assets to reduce memory usage. Loaded Objects now: 2150.
Total: 5.048100 ms (FindLiveObjects: 0.159000 ms CreateObjectMapping: 0.048800 ms MarkObjects: 4.817400 ms  DeleteObjects: 0.021900 ms)

========================================================================
Received Prepare
Registering precompiled user dll's ...
Registered in 0.002389 seconds.
Begin MonoManager ReloadAssembly
Native extension for WindowsStandalone target not found
Native extension for WebGL target not found
Refreshing native plugins compatible for Editor in 0.51 ms, found 0 plugins.
Preloading 0 native plugins for Editor in 0.00 ms.
Mono: successfully reloaded assembly
- Completed reload, in  0.851 seconds
Platform modules already initialized, skipping
Refreshing native plugins compatible for Editor in 0.63 ms, found 0 plugins.
Preloading 0 native plugins for Editor in 0.00 ms.
Unloading 1657 Unused Serialized files (Serialized files now loaded: 0)
System memory in use before: 74.4 MB.
System memory in use after: 74.5 MB.

Unloading 40 unused Assets to reduce memory usage. Loaded Objects now: 2153.
Total: 4.875300 ms (FindLiveObjects: 0.152300 ms CreateObjectMapping: 0.051700 ms MarkObjects: 4.647300 ms  DeleteObjects: 0.022900 ms)

========================================================================
Received Import Request.
  Time since last request: 567.237725 seconds.
  path: Assets/Prefabs/Coin.prefab
  artifactKey: Guid(a577769dd3c9b804eac13e47deca36ce) Importer(815301076,1909f56bfc062723c751e8b465ee728b)
Start importing Assets/Prefabs/Coin.prefab using Guid(a577769dd3c9b804eac13e47deca36ce) Importer(815301076,1909f56bfc062723c751e8b465ee728b)  -> (artifact id: '55c6687a570bc8c6109ff4fc4660b79d') in 0.063084 seconds
  Import took 0.065560 seconds .

========================================================================
Received Import Request.
  Time since last request: 2.253427 seconds.
  path: Assets/Prefabs/Spike.prefab
  artifactKey: Guid(eed90bfa56ae76440ae4a31e9809f55f) Importer(815301076,1909f56bfc062723c751e8b465ee728b)
Start importing Assets/Prefabs/Spike.prefab using Guid(eed90bfa56ae76440ae4a31e9809f55f) Importer(815301076,1909f56bfc062723c751e8b465ee728b)  -> (artifact id: '91ea714d069f6b906ea6b0b903fd6002') in 0.012915 seconds
  Import took 0.016186 seconds .

========================================================================
Received Import Request.
  Time since last request: 0.001863 seconds.
  path: Assets/Prefabs/Spike.prefab
  artifactKey: Guid(eed90bfa56ae76440ae4a31e9809f55f) Importer(815301076,1909f56bfc062723c751e8b465ee728b)
Start importing Assets/Prefabs/Spike.prefab using Guid(eed90bfa56ae76440ae4a31e9809f55f) Importer(815301076,1909f56bfc062723c751e8b465ee728b)  -> (artifact id: '91ea714d069f6b906ea6b0b903fd6002') in 0.007608 seconds
  Import took 0.010150 seconds .

========================================================================
Received Import Request.
  Time since last request: 1.874531 seconds.
  path: Assets/Prefabs/Spike Wall Right.prefab
  artifactKey: Guid(25158a4f9b2840a4493f49c410a5e04e) Importer(815301076,1909f56bfc062723c751e8b465ee728b)
Start importing Assets/Prefabs/Spike Wall Right.prefab using Guid(25158a4f9b2840a4493f49c410a5e04e) Importer(815301076,1909f56bfc062723c751e8b465ee728b)  -> (artifact id: 'bea8fd486b465b36892ea3df8c559452') in 0.015719 seconds
  Import took 0.018223 seconds .

========================================================================
Received Import Request.
  Time since last request: 0.001071 seconds.
  path: Assets/Prefabs/Spike Wall Right.prefab
  artifactKey: Guid(25158a4f9b2840a4493f49c410a5e04e) Importer(815301076,1909f56bfc062723c751e8b465ee728b)
Start importing Assets/Prefabs/Spike Wall Right.prefab using Guid(25158a4f9b2840a4493f49c410a5e04e) Importer(815301076,1909f56bfc062723c751e8b465ee728b)  -> (artifact id: 'bea8fd486b465b36892ea3df8c559452') in 0.008159 seconds
  Import took 0.010685 seconds .

========================================================================
Received Import Request.
  Time since last request: 1.604216 seconds.
  path: Assets/Prefabs/Spike Wall Left.prefab
  artifactKey: Guid(b58baaba93fba28448ea82c4c18d8b18) Importer(815301076,1909f56bfc062723c751e8b465ee728b)
Start importing Assets/Prefabs/Spike Wall Left.prefab using Guid(b58baaba93fba28448ea82c4c18d8b18) Importer(815301076,1909f56bfc062723c751e8b465ee728b)  -> (artifact id: 'ed953a615cc243571999ddd5cfb78a25') in 0.010147 seconds
  Import took 0.013010 seconds .

========================================================================
Received Import Request.
  Time since last request: 0.005201 seconds.
  path: Assets/Prefabs/Spike Wall Left.prefab
  artifactKey: Guid(b58baaba93fba28448ea82c4c18d8b18) Importer(815301076,1909f56bfc062723c751e8b465ee728b)
Start importing Assets/Prefabs/Spike Wall Left.prefab using Guid(b58baaba93fba28448ea82c4c18d8b18) Importer(815301076,1909f56bfc062723c751e8b465ee728b)  -> (artifact id: 'ed953a615cc243571999ddd5cfb78a25') in 0.008718 seconds
  Import took 0.011270 seconds .

========================================================================
Received Prepare
Registering precompiled user dll's ...
Registered in 0.002640 seconds.
Begin MonoManager ReloadAssembly
Native extension for WindowsStandalone target not found
Native extension for WebGL target not found
Refreshing native plugins compatible for Editor in 0.53 ms, found 0 plugins.
Preloading 0 native plugins for Editor in 0.00 ms.
Mono: successfully reloaded assembly
- Completed reload, in  0.856 seconds
Platform modules already initialized, skipping
Refreshing native plugins compatible for Editor in 0.51 ms, found 0 plugins.
Preloading 0 native plugins for Editor in 0.00 ms.
Unloading 1657 Unused Serialized files (Serialized files now loaded: 0)
System memory in use before: 74.4 MB.
System memory in use after: 74.5 MB.

Unloading 40 unused Assets to reduce memory usage. Loaded Objects now: 2157.
Total: 5.387900 ms (FindLiveObjects: 0.147500 ms CreateObjectMapping: 0.052000 ms MarkObjects: 5.161300 ms  DeleteObjects: 0.026100 ms)

========================================================================
Received Import Request.
  Time since last request: 928.169560 seconds.
  path: Assets/Music
  artifactKey: Guid(356517bb051fb6645bc53b0650f80bc0) Importer(815301076,1909f56bfc062723c751e8b465ee728b)
Start importing Assets/Music using Guid(356517bb051fb6645bc53b0650f80bc0) Importer(815301076,1909f56bfc062723c751e8b465ee728b)  -> (artifact id: 'e11460af9d746c4035b49224a0840169') in 0.010037 seconds
  Import took 0.012938 seconds .

========================================================================
Received Import Request.
  Time since last request: 4.873283 seconds.
  path: Assets/Sound
  artifactKey: Guid(356517bb051fb6645bc53b0650f80bc0) Importer(815301076,1909f56bfc062723c751e8b465ee728b)
Start importing Assets/Sound using Guid(356517bb051fb6645bc53b0650f80bc0) Importer(815301076,1909f56bfc062723c751e8b465ee728b)  -> (artifact id: 'bb66ca8b269007e326fabe1bc2d043b4') in 0.006213 seconds
  Import took 0.009002 seconds .

========================================================================
Received Import Request.
  Time since last request: 19.142919 seconds.
  path: Assets/Sound/sawsquarenoise - Stage 1.mp3
  artifactKey: Guid(cf9f9bdd23617e143822d74e5ddcebe9) Importer(815301076,1909f56bfc062723c751e8b465ee728b)
Start importing Assets/Sound/sawsquarenoise - Stage 1.mp3 using Guid(cf9f9bdd23617e143822d74e5ddcebe9) Importer(815301076,1909f56bfc062723c751e8b465ee728b)  -> (artifact id: '68802b09e7ac145e6fbb00c3fd566123') in 0.078399 seconds
  Import took 0.080819 seconds .

========================================================================
Received Import Request.
  Time since last request: 0.000304 seconds.
  path: Assets/Sound/sawsquarenoise - Tittle Screen.mp3
  artifactKey: Guid(6e848b848db9bd7439f1e0989e0b9994) Importer(815301076,1909f56bfc062723c751e8b465ee728b)
Start importing Assets/Sound/sawsquarenoise - Tittle Screen.mp3 using Guid(6e848b848db9bd7439f1e0989e0b9994) Importer(815301076,1909f56bfc062723c751e8b465ee728b)  -> (artifact id: '96674a1fad8ae29906f1058cd4807834') in 0.010888 seconds
  Import took 0.013069 seconds .

========================================================================
Received Import Request.
  Time since last request: 701.191648 seconds.
  path: Assets/Sound/Video-Game-Positive-Sound-A1-8bit-www.fesliyanstudios.com.mp3
  artifactKey: Guid(aaf50a7778d724345b33291906f9af73) Importer(815301076,1909f56bfc062723c751e8b465ee728b)
Start importing Assets/Sound/Video-Game-Positive-Sound-A1-8bit-www.fesliyanstudios.com.mp3 using Guid(aaf50a7778d724345b33291906f9af73) Importer(815301076,1909f56bfc062723c751e8b465ee728b)  -> (artifact id: '2c872302fa1cc5ffcad7fa177e905fff') in 0.011466 seconds
  Import took 0.014377 seconds .

========================================================================
Received Import Request.
  Time since last request: 0.000354 seconds.
  path: Assets/Sound/Wine-Glass-Shatering-A1-www.fesliyanstudios.com.mp3
  artifactKey: Guid(7aa50ea47d814dd41b71306e5848446d) Importer(815301076,1909f56bfc062723c751e8b465ee728b)
Start importing Assets/Sound/Wine-Glass-Shatering-A1-www.fesliyanstudios.com.mp3 using Guid(7aa50ea47d814dd41b71306e5848446d) Importer(815301076,1909f56bfc062723c751e8b465ee728b)  -> (artifact id: '7a3292822747357bc48c80f2106c167d') in 0.023862 seconds
  Import took 0.026145 seconds .

========================================================================
Received Prepare
Registering precompiled user dll's ...
Registered in 0.001952 seconds.
Begin MonoManager ReloadAssembly
Native extension for WindowsStandalone target not found
Native extension for WebGL target not found
Refreshing native plugins compatible for Editor in 0.52 ms, found 0 plugins.
Preloading 0 native plugins for Editor in 0.00 ms.
Mono: successfully reloaded assembly
- Completed reload, in  0.860 seconds
Platform modules already initialized, skipping
Refreshing native plugins compatible for Editor in 0.52 ms, found 0 plugins.
Preloading 0 native plugins for Editor in 0.00 ms.
Unloading 1657 Unused Serialized files (Serialized files now loaded: 0)
System memory in use before: 74.5 MB.
System memory in use after: 74.6 MB.

Unloading 40 unused Assets to reduce memory usage. Loaded Objects now: 2163.
Total: 4.905200 ms (FindLiveObjects: 0.140000 ms CreateObjectMapping: 0.046300 ms MarkObjects: 4.697300 ms  DeleteObjects: 0.020600 ms)

========================================================================
Received Prepare
Registering precompiled user dll's ...
Registered in 0.002094 seconds.
Begin MonoManager ReloadAssembly
Native extension for WindowsStandalone target not found
Native extension for WebGL target not found
Refreshing native plugins compatible for Editor in 0.52 ms, found 0 plugins.
Preloading 0 native plugins for Editor in 0.00 ms.
Mono: successfully reloaded assembly
- Completed reload, in  0.856 seconds
Platform modules already initialized, skipping
Refreshing native plugins compatible for Editor in 0.53 ms, found 0 plugins.
Preloading 0 native plugins for Editor in 0.00 ms.
Unloading 1657 Unused Serialized files (Serialized files now loaded: 0)
System memory in use before: 74.5 MB.
System memory in use after: 74.6 MB.

Unloading 40 unused Assets to reduce memory usage. Loaded Objects now: 2166.
Total: 5.033500 ms (FindLiveObjects: 0.155500 ms CreateObjectMapping: 0.048500 ms MarkObjects: 4.807600 ms  DeleteObjects: 0.021000 ms)

========================================================================
Received Import Request.
  Time since last request: 47.709439 seconds.
  path: Assets/Scenes/GameScene.unity
  artifactKey: Guid(fcb6d6b60d36291489127d35e6c7cc48) Importer(815301076,1909f56bfc062723c751e8b465ee728b)
Start importing Assets/Scenes/GameScene.unity using Guid(fcb6d6b60d36291489127d35e6c7cc48) Importer(815301076,1909f56bfc062723c751e8b465ee728b)  -> (artifact id: 'dff7f9b57d2711a8cfc0b1693db929e6') in 0.014179 seconds
  Import took 0.029879 seconds .

========================================================================
Received Prepare
Registering precompiled user dll's ...
Registered in 0.002047 seconds.
Begin MonoManager ReloadAssembly
Native extension for WindowsStandalone target not found
Native extension for WebGL target not found
Refreshing native plugins compatible for Editor in 0.51 ms, found 0 plugins.
Preloading 0 native plugins for Editor in 0.00 ms.
Mono: successfully reloaded assembly
- Completed reload, in  0.845 seconds
Platform modules already initialized, skipping
Refreshing native plugins compatible for Editor in 0.50 ms, found 0 plugins.
Preloading 0 native plugins for Editor in 0.00 ms.
Unloading 1657 Unused Serialized files (Serialized files now loaded: 0)
System memory in use before: 74.5 MB.
System memory in use after: 74.6 MB.

Unloading 40 unused Assets to reduce memory usage. Loaded Objects now: 2169.
Total: 4.741700 ms (FindLiveObjects: 0.143500 ms CreateObjectMapping: 0.050600 ms MarkObjects: 4.525800 ms  DeleteObjects: 0.020900 ms)

========================================================================
Received Import Request.
  Time since last request: 77.446080 seconds.
  path: Assets/Prefabs/Coin.prefab
  artifactKey: Guid(a577769dd3c9b804eac13e47deca36ce) Importer(815301076,1909f56bfc062723c751e8b465ee728b)
Start importing Assets/Prefabs/Coin.prefab using Guid(a577769dd3c9b804eac13e47deca36ce) Importer(815301076,1909f56bfc062723c751e8b465ee728b)  -> (artifact id: '0ce4bd7051557a49a1d5a822afbb4d1d') in 0.054186 seconds
  Import took 0.056797 seconds .

========================================================================
Received Import Request.
  Time since last request: 7.771232 seconds.
  path: Assets/Prefabs/Coin.prefab
  artifactKey: Guid(a577769dd3c9b804eac13e47deca36ce) Importer(815301076,1909f56bfc062723c751e8b465ee728b)
Start importing Assets/Prefabs/Coin.prefab using Guid(a577769dd3c9b804eac13e47deca36ce) Importer(815301076,1909f56bfc062723c751e8b465ee728b)  -> (artifact id: 'db2b3eeaa59d17d766ac020b5cb7f48b') in 0.008099 seconds
  Import took 0.010649 seconds .

========================================================================
Received Import Request.
  Time since last request: 1.606510 seconds.
  path: Assets/Prefabs/Coin.prefab
  artifactKey: Guid(a577769dd3c9b804eac13e47deca36ce) Importer(815301076,1909f56bfc062723c751e8b465ee728b)
Start importing Assets/Prefabs/Coin.prefab using Guid(a577769dd3c9b804eac13e47deca36ce) Importer(815301076,1909f56bfc062723c751e8b465ee728b)  -> (artifact id: '8607d618ffb1be803673142a43ef1ca9') in 0.007669 seconds
  Import took 0.010208 seconds .

========================================================================
Received Prepare
Registering precompiled user dll's ...
Registered in 0.002047 seconds.
Begin MonoManager ReloadAssembly
Native extension for WindowsStandalone target not found
Native extension for WebGL target not found
Refreshing native plugins compatible for Editor in 0.51 ms, found 0 plugins.
Preloading 0 native plugins for Editor in 0.00 ms.
Mono: successfully reloaded assembly
- Completed reload, in  0.873 seconds
Platform modules already initialized, skipping
Refreshing native plugins compatible for Editor in 0.52 ms, found 0 plugins.
Preloading 0 native plugins for Editor in 0.00 ms.
Unloading 1657 Unused Serialized files (Serialized files now loaded: 0)
System memory in use before: 74.5 MB.
System memory in use after: 74.6 MB.

Unloading 40 unused Assets to reduce memory usage. Loaded Objects now: 2173.
Total: 4.680600 ms (FindLiveObjects: 0.148900 ms CreateObjectMapping: 0.053800 ms MarkObjects: 4.458700 ms  DeleteObjects: 0.018000 ms)

========================================================================
Received Prepare
Registering precompiled user dll's ...
Registered in 0.002055 seconds.
Begin MonoManager ReloadAssembly
Native extension for WindowsStandalone target not found
Native extension for WebGL target not found
Refreshing native plugins compatible for Editor in 0.51 ms, found 0 plugins.
Preloading 0 native plugins for Editor in 0.00 ms.
Mono: successfully reloaded assembly
- Completed reload, in  0.840 seconds
Platform modules already initialized, skipping
Refreshing native plugins compatible for Editor in 0.61 ms, found 0 plugins.
Preloading 0 native plugins for Editor in 0.00 ms.
Unloading 1657 Unused Serialized files (Serialized files now loaded: 0)
System memory in use before: 74.5 MB.
System memory in use after: 74.6 MB.

Unloading 40 unused Assets to reduce memory usage. Loaded Objects now: 2176.
Total: 4.725400 ms (FindLiveObjects: 0.132800 ms CreateObjectMapping: 0.047400 ms MarkObjects: 4.526700 ms  DeleteObjects: 0.017700 ms)

========================================================================
Received Prepare
Registering precompiled user dll's ...
Registered in 0.002063 seconds.
Begin MonoManager ReloadAssembly
Native extension for WindowsStandalone target not found
Native extension for WebGL target not found
Refreshing native plugins compatible for Editor in 0.51 ms, found 0 plugins.
Preloading 0 native plugins for Editor in 0.00 ms.
Mono: successfully reloaded assembly
- Completed reload, in  0.856 seconds
Platform modules already initialized, skipping
Refreshing native plugins compatible for Editor in 0.50 ms, found 0 plugins.
Preloading 0 native plugins for Editor in 0.00 ms.
Unloading 1657 Unused Serialized files (Serialized files now loaded: 0)
System memory in use before: 74.5 MB.
System memory in use after: 74.6 MB.

Unloading 40 unused Assets to reduce memory usage. Loaded Objects now: 2179.
Total: 4.769600 ms (FindLiveObjects: 0.156300 ms CreateObjectMapping: 0.052900 ms MarkObjects: 4.538900 ms  DeleteObjects: 0.020600 ms)

========================================================================
Received Prepare
Registering precompiled user dll's ...
Registered in 0.002073 seconds.
Begin MonoManager ReloadAssembly
Native extension for WindowsStandalone target not found
Native extension for WebGL target not found
Refreshing native plugins compatible for Editor in 0.51 ms, found 0 plugins.
Preloading 0 native plugins for Editor in 0.00 ms.
Mono: successfully reloaded assembly
- Completed reload, in  0.840 seconds
Platform modules already initialized, skipping
Refreshing native plugins compatible for Editor in 0.52 ms, found 0 plugins.
Preloading 0 native plugins for Editor in 0.00 ms.
Unloading 1657 Unused Serialized files (Serialized files now loaded: 0)
System memory in use before: 74.5 MB.
System memory in use after: 74.6 MB.

Unloading 40 unused Assets to reduce memory usage. Loaded Objects now: 2182.
Total: 4.670000 ms (FindLiveObjects: 0.150800 ms CreateObjectMapping: 0.053700 ms MarkObjects: 4.444700 ms  DeleteObjects: 0.020000 ms)

========================================================================
Received Import Request.
  Time since last request: 149.995025 seconds.
  path: Assets/Prefabs/Hero.prefab
  artifactKey: Guid(f84d5bd07a226e5469f1091c8355dd34) Importer(815301076,1909f56bfc062723c751e8b465ee728b)
Start importing Assets/Prefabs/Hero.prefab using Guid(f84d5bd07a226e5469f1091c8355dd34) Importer(815301076,1909f56bfc062723c751e8b465ee728b)  -> (artifact id: '39a71b80d01fa495a1c49e6997c4f618') in 0.051370 seconds
  Import took 0.061770 seconds .

========================================================================
Received Import Request.
  Time since last request: 20.101476 seconds.
  path: Assets/Prefabs/Coin.prefab
  artifactKey: Guid(a577769dd3c9b804eac13e47deca36ce) Importer(815301076,1909f56bfc062723c751e8b465ee728b)
Start importing Assets/Prefabs/Coin.prefab using Guid(a577769dd3c9b804eac13e47deca36ce) Importer(815301076,1909f56bfc062723c751e8b465ee728b)  -> (artifact id: 'e67d3a09dba476ea7446fb3a28a047bb') in 0.009570 seconds
  Import took 0.012575 seconds .

========================================================================
Received Import Request.
  Time since last request: 0.011149 seconds.
  path: Assets/Prefabs/Coin.prefab
  artifactKey: Guid(a577769dd3c9b804eac13e47deca36ce) Importer(815301076,1909f56bfc062723c751e8b465ee728b)
Start importing Assets/Prefabs/Coin.prefab using Guid(a577769dd3c9b804eac13e47deca36ce) Importer(815301076,1909f56bfc062723c751e8b465ee728b)  -> (artifact id: 'e67d3a09dba476ea7446fb3a28a047bb') in 0.008415 seconds
  Import took 0.010964 seconds .

========================================================================
Received Import Request.
  Time since last request: 3.930844 seconds.
  path: Assets/Prefabs/Coin.prefab
  artifactKey: Guid(a577769dd3c9b804eac13e47deca36ce) Importer(815301076,1909f56bfc062723c751e8b465ee728b)
Start importing Assets/Prefabs/Coin.prefab using Guid(a577769dd3c9b804eac13e47deca36ce) Importer(815301076,1909f56bfc062723c751e8b465ee728b)  -> (artifact id: '2151c6bf797a9a438ce094126a5fccd5') in 0.007529 seconds
  Import took 0.010384 seconds .

========================================================================
Received Import Request.
  Time since last request: 0.011387 seconds.
  path: Assets/Prefabs/Coin.prefab
  artifactKey: Guid(a577769dd3c9b804eac13e47deca36ce) Importer(815301076,1909f56bfc062723c751e8b465ee728b)
Start importing Assets/Prefabs/Coin.prefab using Guid(a577769dd3c9b804eac13e47deca36ce) Importer(815301076,1909f56bfc062723c751e8b465ee728b)  -> (artifact id: '2151c6bf797a9a438ce094126a5fccd5') in 0.007928 seconds
  Import took 0.010450 seconds .

========================================================================
Received Import Request.
  Time since last request: 3.391563 seconds.
  path: Assets/Prefabs/Coin.prefab
  artifactKey: Guid(a577769dd3c9b804eac13e47deca36ce) Importer(815301076,1909f56bfc062723c751e8b465ee728b)
Start importing Assets/Prefabs/Coin.prefab using Guid(a577769dd3c9b804eac13e47deca36ce) Importer(815301076,1909f56bfc062723c751e8b465ee728b)  -> (artifact id: 'f2b8bf19a842633ffd8d3aa88ea1329e') in 0.007812 seconds
  Import took 0.010377 seconds .

========================================================================
Received Import Request.
  Time since last request: 0.017282 seconds.
  path: Assets/Prefabs/Coin.prefab
  artifactKey: Guid(a577769dd3c9b804eac13e47deca36ce) Importer(815301076,1909f56bfc062723c751e8b465ee728b)
Start importing Assets/Prefabs/Coin.prefab using Guid(a577769dd3c9b804eac13e47deca36ce) Importer(815301076,1909f56bfc062723c751e8b465ee728b)  -> (artifact id: 'f2b8bf19a842633ffd8d3aa88ea1329e') in 0.007606 seconds
  Import took 0.010132 seconds .

========================================================================
Received Prepare
Registering precompiled user dll's ...
Registered in 0.002029 seconds.
Begin MonoManager ReloadAssembly
Native extension for WindowsStandalone target not found
Native extension for WebGL target not found
Refreshing native plugins compatible for Editor in 0.55 ms, found 0 plugins.
Preloading 0 native plugins for Editor in 0.00 ms.
Mono: successfully reloaded assembly
- Completed reload, in  0.842 seconds
Platform modules already initialized, skipping
Refreshing native plugins compatible for Editor in 0.53 ms, found 0 plugins.
Preloading 0 native plugins for Editor in 0.00 ms.
Unloading 1657 Unused Serialized files (Serialized files now loaded: 0)
System memory in use before: 74.6 MB.
System memory in use after: 74.7 MB.

Unloading 40 unused Assets to reduce memory usage. Loaded Objects now: 2186.
Total: 4.973500 ms (FindLiveObjects: 0.155700 ms CreateObjectMapping: 0.052900 ms MarkObjects: 4.743300 ms  DeleteObjects: 0.020900 ms)

========================================================================
Received Import Request.
  Time since last request: 46.733192 seconds.
  path: Assets/Prefabs/Coin.prefab
  artifactKey: Guid(a577769dd3c9b804eac13e47deca36ce) Importer(815301076,1909f56bfc062723c751e8b465ee728b)
Start importing Assets/Prefabs/Coin.prefab using Guid(a577769dd3c9b804eac13e47deca36ce) Importer(815301076,1909f56bfc062723c751e8b465ee728b)  -> (artifact id: '83aef7e3b98f1139fbcfb3e85707316c') in 0.049302 seconds
  Import took 0.068791 seconds .

========================================================================
Received Prepare
Registering precompiled user dll's ...
Registered in 0.002139 seconds.
Begin MonoManager ReloadAssembly
Native extension for WindowsStandalone target not found
Native extension for WebGL target not found
Refreshing native plugins compatible for Editor in 0.52 ms, found 0 plugins.
Preloading 0 native plugins for Editor in 0.00 ms.
Mono: successfully reloaded assembly
- Completed reload, in  0.848 seconds
Platform modules already initialized, skipping
Refreshing native plugins compatible for Editor in 0.52 ms, found 0 plugins.
Preloading 0 native plugins for Editor in 0.00 ms.
Unloading 1657 Unused Serialized files (Serialized files now loaded: 0)
System memory in use before: 74.6 MB.
System memory in use after: 74.7 MB.

Unloading 40 unused Assets to reduce memory usage. Loaded Objects now: 2190.
Total: 4.949500 ms (FindLiveObjects: 0.168700 ms CreateObjectMapping: 0.050700 ms MarkObjects: 4.706900 ms  DeleteObjects: 0.022400 ms)

========================================================================
Received Prepare
Registering precompiled user dll's ...
Registered in 0.002029 seconds.
Begin MonoManager ReloadAssembly
Native extension for WindowsStandalone target not found
Native extension for WebGL target not found
Refreshing native plugins compatible for Editor in 0.51 ms, found 0 plugins.
Preloading 0 native plugins for Editor in 0.00 ms.
Mono: successfully reloaded assembly
- Completed reload, in  0.862 seconds
Platform modules already initialized, skipping
Refreshing native plugins compatible for Editor in 0.52 ms, found 0 plugins.
Preloading 0 native plugins for Editor in 0.00 ms.
Unloading 1657 Unused Serialized files (Serialized files now loaded: 0)
System memory in use before: 74.6 MB.
System memory in use after: 74.7 MB.

Unloading 40 unused Assets to reduce memory usage. Loaded Objects now: 2193.
Total: 4.868600 ms (FindLiveObjects: 0.159800 ms CreateObjectMapping: 0.049700 ms MarkObjects: 4.637900 ms  DeleteObjects: 0.020100 ms)

========================================================================
Received Prepare
Registering precompiled user dll's ...
Registered in 0.002049 seconds.
Begin MonoManager ReloadAssembly
Native extension for WindowsStandalone target not found
Native extension for WebGL target not found
Refreshing native plugins compatible for Editor in 0.51 ms, found 0 plugins.
Preloading 0 native plugins for Editor in 0.00 ms.
Mono: successfully reloaded assembly
- Completed reload, in  0.833 seconds
Platform modules already initialized, skipping
Refreshing native plugins compatible for Editor in 0.50 ms, found 0 plugins.
Preloading 0 native plugins for Editor in 0.00 ms.
Unloading 1657 Unused Serialized files (Serialized files now loaded: 0)
System memory in use before: 74.6 MB.
System memory in use after: 74.7 MB.

Unloading 40 unused Assets to reduce memory usage. Loaded Objects now: 2196.
Total: 4.932700 ms (FindLiveObjects: 0.155800 ms CreateObjectMapping: 0.048700 ms MarkObjects: 4.706000 ms  DeleteObjects: 0.021400 ms)

========================================================================
Received Prepare
Registering precompiled user dll's ...
Registered in 0.002047 seconds.
Begin MonoManager ReloadAssembly
Native extension for WindowsStandalone target not found
Native extension for WebGL target not found
Refreshing native plugins compatible for Editor in 0.51 ms, found 0 plugins.
Preloading 0 native plugins for Editor in 0.00 ms.
Mono: successfully reloaded assembly
- Completed reload, in  0.850 seconds
Platform modules already initialized, skipping
Refreshing native plugins compatible for Editor in 0.51 ms, found 0 plugins.
Preloading 0 native plugins for Editor in 0.00 ms.
Unloading 1657 Unused Serialized files (Serialized files now loaded: 0)
System memory in use before: 74.6 MB.
System memory in use after: 74.7 MB.

Unloading 40 unused Assets to reduce memory usage. Loaded Objects now: 2199.
Total: 5.510700 ms (FindLiveObjects: 0.153400 ms CreateObjectMapping: 0.048200 ms MarkObjects: 5.285800 ms  DeleteObjects: 0.022500 ms)

========================================================================
Received Prepare
Registering precompiled user dll's ...
Registered in 0.002034 seconds.
Begin MonoManager ReloadAssembly
Native extension for WindowsStandalone target not found
Native extension for WebGL target not found
Refreshing native plugins compatible for Editor in 0.51 ms, found 0 plugins.
Preloading 0 native plugins for Editor in 0.00 ms.
Mono: successfully reloaded assembly
- Completed reload, in  0.865 seconds
Platform modules already initialized, skipping
Refreshing native plugins compatible for Editor in 0.51 ms, found 0 plugins.
Preloading 0 native plugins for Editor in 0.00 ms.
Unloading 1657 Unused Serialized files (Serialized files now loaded: 0)
System memory in use before: 74.6 MB.
System memory in use after: 74.7 MB.

Unloading 40 unused Assets to reduce memory usage. Loaded Objects now: 2202.
Total: 4.984600 ms (FindLiveObjects: 0.160600 ms CreateObjectMapping: 0.050700 ms MarkObjects: 4.751400 ms  DeleteObjects: 0.020900 ms)

========================================================================
Received Prepare
Registering precompiled user dll's ...
Registered in 0.002125 seconds.
Begin MonoManager ReloadAssembly
Native extension for WindowsStandalone target not found
Native extension for WebGL target not found
Refreshing native plugins compatible for Editor in 0.50 ms, found 0 plugins.
Preloading 0 native plugins for Editor in 0.00 ms.
Mono: successfully reloaded assembly
- Completed reload, in  0.851 seconds
Platform modules already initialized, skipping
Refreshing native plugins compatible for Editor in 0.52 ms, found 0 plugins.
Preloading 0 native plugins for Editor in 0.00 ms.
Unloading 1657 Unused Serialized files (Serialized files now loaded: 0)
System memory in use before: 74.6 MB.
System memory in use after: 74.7 MB.

Unloading 40 unused Assets to reduce memory usage. Loaded Objects now: 2205.
Total: 5.385900 ms (FindLiveObjects: 0.142400 ms CreateObjectMapping: 0.051000 ms MarkObjects: 5.172100 ms  DeleteObjects: 0.019500 ms)

========================================================================
Received Prepare
Registering precompiled user dll's ...
Registered in 0.002081 seconds.
Begin MonoManager ReloadAssembly
Native extension for WindowsStandalone target not found
Native extension for WebGL target not found
Refreshing native plugins compatible for Editor in 0.51 ms, found 0 plugins.
Preloading 0 native plugins for Editor in 0.00 ms.
Mono: successfully reloaded assembly
- Completed reload, in  0.844 seconds
Platform modules already initialized, skipping
Refreshing native plugins compatible for Editor in 0.51 ms, found 0 plugins.
Preloading 0 native plugins for Editor in 0.00 ms.
Unloading 1657 Unused Serialized files (Serialized files now loaded: 0)
System memory in use before: 74.6 MB.
System memory in use after: 74.7 MB.

Unloading 40 unused Assets to reduce memory usage. Loaded Objects now: 2208.
Total: 4.949400 ms (FindLiveObjects: 0.158700 ms CreateObjectMapping: 0.048700 ms MarkObjects: 4.720600 ms  DeleteObjects: 0.020600 ms)

========================================================================
Received Import Request.
  Time since last request: 449.276079 seconds.
  path: Assets/Prefabs/Coin.prefab
  artifactKey: Guid(a577769dd3c9b804eac13e47deca36ce) Importer(815301076,1909f56bfc062723c751e8b465ee728b)
Start importing Assets/Prefabs/Coin.prefab using Guid(a577769dd3c9b804eac13e47deca36ce) Importer(815301076,1909f56bfc062723c751e8b465ee728b)  -> (artifact id: '20cca884eb9d1a4a10b99d7bc24aabc9') in 0.050923 seconds
  Import took 0.053492 seconds .

========================================================================
Received Prepare
Registering precompiled user dll's ...
Registered in 0.001975 seconds.
Begin MonoManager ReloadAssembly
Native extension for WindowsStandalone target not found
Native extension for WebGL target not found
Refreshing native plugins compatible for Editor in 0.51 ms, found 0 plugins.
Preloading 0 native plugins for Editor in 0.00 ms.
Mono: successfully reloaded assembly
- Completed reload, in  0.861 seconds
Platform modules already initialized, skipping
Refreshing native plugins compatible for Editor in 0.51 ms, found 0 plugins.
Preloading 0 native plugins for Editor in 0.00 ms.
Unloading 1657 Unused Serialized files (Serialized files now loaded: 0)
System memory in use before: 74.6 MB.
System memory in use after: 74.7 MB.

Unloading 40 unused Assets to reduce memory usage. Loaded Objects now: 2212.
Total: 5.067600 ms (FindLiveObjects: 0.160600 ms CreateObjectMapping: 0.048500 ms MarkObjects: 4.837900 ms  DeleteObjects: 0.019600 ms)

========================================================================
Received Import Request.
  Time since last request: 13.452263 seconds.
  path: Assets/Prefabs/Coin.prefab
  artifactKey: Guid(a577769dd3c9b804eac13e47deca36ce) Importer(815301076,1909f56bfc062723c751e8b465ee728b)
Start importing Assets/Prefabs/Coin.prefab using Guid(a577769dd3c9b804eac13e47deca36ce) Importer(815301076,1909f56bfc062723c751e8b465ee728b)  -> (artifact id: '78838039d557a5e7e9cacae5ac45849f') in 0.049661 seconds
  Import took 0.052077 seconds .

========================================================================
Received Prepare
Registering precompiled user dll's ...
Registered in 0.002111 seconds.
Begin MonoManager ReloadAssembly
Native extension for WindowsStandalone target not found
Native extension for WebGL target not found
Refreshing native plugins compatible for Editor in 0.52 ms, found 0 plugins.
Preloading 0 native plugins for Editor in 0.00 ms.
Mono: successfully reloaded assembly
- Completed reload, in  0.870 seconds
Platform modules already initialized, skipping
Refreshing native plugins compatible for Editor in 0.51 ms, found 0 plugins.
Preloading 0 native plugins for Editor in 0.00 ms.
Unloading 1657 Unused Serialized files (Serialized files now loaded: 0)
System memory in use before: 74.6 MB.
System memory in use after: 74.7 MB.

Unloading 40 unused Assets to reduce memory usage. Loaded Objects now: 2216.
Total: 4.807700 ms (FindLiveObjects: 0.161200 ms CreateObjectMapping: 0.052600 ms MarkObjects: 4.574200 ms  DeleteObjects: 0.018700 ms)

========================================================================
Received Prepare
Registering precompiled user dll's ...
Registered in 0.002034 seconds.
Begin MonoManager ReloadAssembly
Native extension for WindowsStandalone target not found
Native extension for WebGL target not found
Refreshing native plugins compatible for Editor in 0.51 ms, found 0 plugins.
Preloading 0 native plugins for Editor in 0.00 ms.
Mono: successfully reloaded assembly
- Completed reload, in  0.861 seconds
Platform modules already initialized, skipping
Refreshing native plugins compatible for Editor in 0.51 ms, found 0 plugins.
Preloading 0 native plugins for Editor in 0.00 ms.
Unloading 1657 Unused Serialized files (Serialized files now loaded: 0)
System memory in use before: 74.6 MB.
System memory in use after: 74.7 MB.

Unloading 40 unused Assets to reduce memory usage. Loaded Objects now: 2219.
Total: 4.959700 ms (FindLiveObjects: 0.159900 ms CreateObjectMapping: 0.048600 ms MarkObjects: 4.728000 ms  DeleteObjects: 0.022200 ms)

========================================================================
Received Import Request.
  Time since last request: 50.435760 seconds.
  path: Assets/Prefabs/Coin.prefab
  artifactKey: Guid(a577769dd3c9b804eac13e47deca36ce) Importer(815301076,1909f56bfc062723c751e8b465ee728b)
Start importing Assets/Prefabs/Coin.prefab using Guid(a577769dd3c9b804eac13e47deca36ce) Importer(815301076,1909f56bfc062723c751e8b465ee728b)  -> (artifact id: '723e49a4191dd2334afca0c0dc001507') in 0.048884 seconds
  Import took 0.051403 seconds .

========================================================================
Received Prepare
Registering precompiled user dll's ...
Registered in 0.002000 seconds.
Begin MonoManager ReloadAssembly
Native extension for WindowsStandalone target not found
Native extension for WebGL target not found
Refreshing native plugins compatible for Editor in 0.52 ms, found 0 plugins.
Preloading 0 native plugins for Editor in 0.00 ms.
Mono: successfully reloaded assembly
- Completed reload, in  0.844 seconds
Platform modules already initialized, skipping
Refreshing native plugins compatible for Editor in 0.52 ms, found 0 plugins.
Preloading 0 native plugins for Editor in 0.00 ms.
Unloading 1657 Unused Serialized files (Serialized files now loaded: 0)
System memory in use before: 74.6 MB.
System memory in use after: 74.7 MB.

Unloading 40 unused Assets to reduce memory usage. Loaded Objects now: 2223.
Total: 5.058000 ms (FindLiveObjects: 0.164700 ms CreateObjectMapping: 0.053500 ms MarkObjects: 4.817800 ms  DeleteObjects: 0.021000 ms)

========================================================================
Received Prepare
Registering precompiled user dll's ...
Registered in 0.002037 seconds.
Begin MonoManager ReloadAssembly
Native extension for WindowsStandalone target not found
Native extension for WebGL target not found
Refreshing native plugins compatible for Editor in 0.51 ms, found 0 plugins.
Preloading 0 native plugins for Editor in 0.00 ms.
Mono: successfully reloaded assembly
- Completed reload, in  0.842 seconds
Platform modules already initialized, skipping
Refreshing native plugins compatible for Editor in 0.50 ms, found 0 plugins.
Preloading 0 native plugins for Editor in 0.00 ms.
Unloading 1657 Unused Serialized files (Serialized files now loaded: 0)
System memory in use before: 74.6 MB.
System memory in use after: 74.7 MB.

Unloading 40 unused Assets to reduce memory usage. Loaded Objects now: 2226.
Total: 4.782900 ms (FindLiveObjects: 0.150400 ms CreateObjectMapping: 0.052100 ms MarkObjects: 4.558400 ms  DeleteObjects: 0.020900 ms)

========================================================================
Received Prepare
Registering precompiled user dll's ...
Registered in 0.001985 seconds.
Begin MonoManager ReloadAssembly
Native extension for WindowsStandalone target not found
Native extension for WebGL target not found
Refreshing native plugins compatible for Editor in 0.58 ms, found 0 plugins.
Preloading 0 native plugins for Editor in 0.00 ms.
Mono: successfully reloaded assembly
- Completed reload, in  0.850 seconds
Platform modules already initialized, skipping
Refreshing native plugins compatible for Editor in 0.51 ms, found 0 plugins.
Preloading 0 native plugins for Editor in 0.00 ms.
Unloading 1657 Unused Serialized files (Serialized files now loaded: 0)
System memory in use before: 74.6 MB.
System memory in use after: 74.7 MB.

Unloading 40 unused Assets to reduce memory usage. Loaded Objects now: 2229.
Total: 5.176900 ms (FindLiveObjects: 0.155100 ms CreateObjectMapping: 0.052600 ms MarkObjects: 4.947400 ms  DeleteObjects: 0.021000 ms)

========================================================================
Received Prepare
Registering precompiled user dll's ...
Registered in 0.002203 seconds.
Begin MonoManager ReloadAssembly
Native extension for WindowsStandalone target not found
Native extension for WebGL target not found
Refreshing native plugins compatible for Editor in 0.50 ms, found 0 plugins.
Preloading 0 native plugins for Editor in 0.00 ms.
Mono: successfully reloaded assembly
- Completed reload, in  0.831 seconds
Platform modules already initialized, skipping
Refreshing native plugins compatible for Editor in 0.51 ms, found 0 plugins.
Preloading 0 native plugins for Editor in 0.00 ms.
Unloading 1657 Unused Serialized files (Serialized files now loaded: 0)
System memory in use before: 74.6 MB.
System memory in use after: 74.8 MB.

Unloading 40 unused Assets to reduce memory usage. Loaded Objects now: 2232.
Total: 5.051400 ms (FindLiveObjects: 0.160400 ms CreateObjectMapping: 0.049500 ms MarkObjects: 4.819500 ms  DeleteObjects: 0.020900 ms)

========================================================================
Received Import Request.
  Time since last request: 175.294076 seconds.
  path: Assets/Scenes/GameScene.unity
  artifactKey: Guid(fcb6d6b60d36291489127d35e6c7cc48) Importer(815301076,1909f56bfc062723c751e8b465ee728b)
Start importing Assets/Scenes/GameScene.unity using Guid(fcb6d6b60d36291489127d35e6c7cc48) Importer(815301076,1909f56bfc062723c751e8b465ee728b)  -> (artifact id: '7862ad0b1ed590cec40908dd8429ec3b') in 0.010074 seconds
  Import took 0.012473 seconds .

========================================================================
Received Import Request.
  Time since last request: 0.003003 seconds.
  path: Assets/Scenes/GameScene.unity
  artifactKey: Guid(fcb6d6b60d36291489127d35e6c7cc48) Importer(815301076,1909f56bfc062723c751e8b465ee728b)
Start importing Assets/Scenes/GameScene.unity using Guid(fcb6d6b60d36291489127d35e6c7cc48) Importer(815301076,1909f56bfc062723c751e8b465ee728b)  -> (artifact id: '7862ad0b1ed590cec40908dd8429ec3b') in 0.002688 seconds
  Import took 0.005108 seconds .

========================================================================
Received Import Request.
  Time since last request: 1.033214 seconds.
  path: Assets/Scenes/MenuScene.unity
  artifactKey: Guid(aa5400a6d66a82245b674b1ebc465713) Importer(815301076,1909f56bfc062723c751e8b465ee728b)
Start importing Assets/Scenes/MenuScene.unity using Guid(aa5400a6d66a82245b674b1ebc465713) Importer(815301076,1909f56bfc062723c751e8b465ee728b)  -> (artifact id: '56515fb90337ea91d8c9b1c3432fb6fe') in 0.002836 seconds
  Import took 0.005331 seconds .

========================================================================
Received Import Request.
  Time since last request: 0.000610 seconds.
  path: Assets/Scenes/MenuScene.unity
  artifactKey: Guid(aa5400a6d66a82245b674b1ebc465713) Importer(815301076,1909f56bfc062723c751e8b465ee728b)
Start importing Assets/Scenes/MenuScene.unity using Guid(aa5400a6d66a82245b674b1ebc465713) Importer(815301076,1909f56bfc062723c751e8b465ee728b)  -> (artifact id: '56515fb90337ea91d8c9b1c3432fb6fe') in 0.002444 seconds
  Import took 0.004746 seconds .

========================================================================
Received Prepare
Registering precompiled user dll's ...
Registered in 0.002025 seconds.
Begin MonoManager ReloadAssembly
Native extension for WindowsStandalone target not found
Native extension for WebGL target not found
Refreshing native plugins compatible for Editor in 0.51 ms, found 0 plugins.
Preloading 0 native plugins for Editor in 0.00 ms.
Mono: successfully reloaded assembly
- Completed reload, in  0.839 seconds
Platform modules already initialized, skipping
Refreshing native plugins compatible for Editor in 0.51 ms, found 0 plugins.
Preloading 0 native plugins for Editor in 0.00 ms.
Unloading 1657 Unused Serialized files (Serialized files now loaded: 0)
System memory in use before: 74.7 MB.
System memory in use after: 74.8 MB.

Unloading 40 unused Assets to reduce memory usage. Loaded Objects now: 2235.
Total: 4.735100 ms (FindLiveObjects: 0.135700 ms CreateObjectMapping: 0.051800 ms MarkObjects: 4.526900 ms  DeleteObjects: 0.020000 ms)

========================================================================
Received Prepare
Registering precompiled user dll's ...
Registered in 0.002001 seconds.
Begin MonoManager ReloadAssembly
Native extension for WindowsStandalone target not found
Native extension for WebGL target not found
Refreshing native plugins compatible for Editor in 0.52 ms, found 0 plugins.
Preloading 0 native plugins for Editor in 0.00 ms.
Mono: successfully reloaded assembly
- Completed reload, in  0.845 seconds
Platform modules already initialized, skipping
Refreshing native plugins compatible for Editor in 0.51 ms, found 0 plugins.
Preloading 0 native plugins for Editor in 0.00 ms.
Unloading 1657 Unused Serialized files (Serialized files now loaded: 0)
System memory in use before: 74.7 MB.
System memory in use after: 74.8 MB.

Unloading 40 unused Assets to reduce memory usage. Loaded Objects now: 2238.
Total: 5.007300 ms (FindLiveObjects: 0.164400 ms CreateObjectMapping: 0.051300 ms MarkObjects: 4.770100 ms  DeleteObjects: 0.020600 ms)

========================================================================
Received Prepare
Registering precompiled user dll's ...
Registered in 0.002041 seconds.
Begin MonoManager ReloadAssembly
Native extension for WindowsStandalone target not found
Native extension for WebGL target not found
Refreshing native plugins compatible for Editor in 0.51 ms, found 0 plugins.
Preloading 0 native plugins for Editor in 0.00 ms.
Mono: successfully reloaded assembly
- Completed reload, in  0.848 seconds
Platform modules already initialized, skipping
Refreshing native plugins compatible for Editor in 0.53 ms, found 0 plugins.
Preloading 0 native plugins for Editor in 0.00 ms.
Unloading 1657 Unused Serialized files (Serialized files now loaded: 0)
System memory in use before: 74.7 MB.
System memory in use after: 74.8 MB.

Unloading 40 unused Assets to reduce memory usage. Loaded Objects now: 2241.
Total: 4.898100 ms (FindLiveObjects: 0.167900 ms CreateObjectMapping: 0.055200 ms MarkObjects: 4.648100 ms  DeleteObjects: 0.025300 ms)

========================================================================
Received Prepare
Registering precompiled user dll's ...
Registered in 0.002033 seconds.
Begin MonoManager ReloadAssembly
Native extension for WindowsStandalone target not found
Native extension for WebGL target not found
Refreshing native plugins compatible for Editor in 0.51 ms, found 0 plugins.
Preloading 0 native plugins for Editor in 0.00 ms.
Mono: successfully reloaded assembly
- Completed reload, in  0.836 seconds
Platform modules already initialized, skipping
Refreshing native plugins compatible for Editor in 0.52 ms, found 0 plugins.
Preloading 0 native plugins for Editor in 0.00 ms.
Unloading 1657 Unused Serialized files (Serialized files now loaded: 0)
System memory in use before: 74.7 MB.
System memory in use after: 74.8 MB.

Unloading 40 unused Assets to reduce memory usage. Loaded Objects now: 2244.
Total: 4.621400 ms (FindLiveObjects: 0.139300 ms CreateObjectMapping: 0.049800 ms MarkObjects: 4.411900 ms  DeleteObjects: 0.019600 ms)

========================================================================
Received Prepare
Registering precompiled user dll's ...
Registered in 0.002073 seconds.
Begin MonoManager ReloadAssembly
Native extension for WindowsStandalone target not found
Native extension for WebGL target not found
Refreshing native plugins compatible for Editor in 0.53 ms, found 0 plugins.
Preloading 0 native plugins for Editor in 0.00 ms.
Mono: successfully reloaded assembly
- Completed reload, in  0.848 seconds
Platform modules already initialized, skipping
Refreshing native plugins compatible for Editor in 0.52 ms, found 0 plugins.
Preloading 0 native plugins for Editor in 0.00 ms.
Unloading 1657 Unused Serialized files (Serialized files now loaded: 0)
System memory in use before: 74.7 MB.
System memory in use after: 74.8 MB.

Unloading 40 unused Assets to reduce memory usage. Loaded Objects now: 2247.
Total: 4.874000 ms (FindLiveObjects: 0.152900 ms CreateObjectMapping: 0.049600 ms MarkObjects: 4.647400 ms  DeleteObjects: 0.023000 ms)

========================================================================
Received Import Request.
  Time since last request: 711.243413 seconds.
  path: Assets/Scripts/GameManager.cs
  artifactKey: Guid(41a584c37aafeed468571a99dbbdd451) Importer(815301076,1909f56bfc062723c751e8b465ee728b)
Start importing Assets/Scripts/GameManager.cs using Guid(41a584c37aafeed468571a99dbbdd451) Importer(815301076,1909f56bfc062723c751e8b465ee728b)  -> (artifact id: '88d2bb69e3b9108e381fcb35c5c77a86') in 0.004401 seconds
  Import took 0.033737 seconds .

========================================================================
Received Prepare
Registering precompiled user dll's ...
Registered in 0.002593 seconds.
Begin MonoManager ReloadAssembly
Native extension for WindowsStandalone target not found
Native extension for WebGL target not found
Refreshing native plugins compatible for Editor in 0.51 ms, found 0 plugins.
Preloading 0 native plugins for Editor in 0.00 ms.
Mono: successfully reloaded assembly
- Completed reload, in  0.867 seconds
Platform modules already initialized, skipping
Refreshing native plugins compatible for Editor in 0.51 ms, found 0 plugins.
Preloading 0 native plugins for Editor in 0.00 ms.
Unloading 1657 Unused Serialized files (Serialized files now loaded: 0)
System memory in use before: 74.7 MB.
System memory in use after: 74.8 MB.

Unloading 40 unused Assets to reduce memory usage. Loaded Objects now: 2250.
Total: 4.986100 ms (FindLiveObjects: 0.172600 ms CreateObjectMapping: 0.050000 ms MarkObjects: 4.740300 ms  DeleteObjects: 0.022200 ms)

========================================================================
Received Import Request.
  Time since last request: 414.724865 seconds.
  path: Assets/Scripts/GameManager.cs
  artifactKey: Guid(41a584c37aafeed468571a99dbbdd451) Importer(815301076,1909f56bfc062723c751e8b465ee728b)
Start importing Assets/Scripts/GameManager.cs using Guid(41a584c37aafeed468571a99dbbdd451) Importer(815301076,1909f56bfc062723c751e8b465ee728b)  -> (artifact id: '9b6987b18eab6bd6b1a830cc90c7cf57') in 0.004383 seconds
  Import took 0.006774 seconds .

========================================================================
Received Import Request.
  Time since last request: 7.588711 seconds.
  path: Assets/Scenes/MenuScene.unity
  artifactKey: Guid(aa5400a6d66a82245b674b1ebc465713) Importer(815301076,1909f56bfc062723c751e8b465ee728b)
Start importing Assets/Scenes/MenuScene.unity using Guid(aa5400a6d66a82245b674b1ebc465713) Importer(815301076,1909f56bfc062723c751e8b465ee728b)  -> (artifact id: '56cc97c18e194109323c139461cd8dbf') in 0.009281 seconds
  Import took 0.012084 seconds .

========================================================================
Received Import Request.
  Time since last request: 4.925306 seconds.
  path: Assets/Scenes/GameScene.unity
  artifactKey: Guid(fcb6d6b60d36291489127d35e6c7cc48) Importer(815301076,1909f56bfc062723c751e8b465ee728b)
Start importing Assets/Scenes/GameScene.unity using Guid(fcb6d6b60d36291489127d35e6c7cc48) Importer(815301076,1909f56bfc062723c751e8b465ee728b)  -> (artifact id: 'a966587ac4d3a37cd4998464e5fb66e8') in 0.002658 seconds
  Import took 0.018216 seconds .

========================================================================
Received Prepare
Registering precompiled user dll's ...
Registered in 0.001999 seconds.
Begin MonoManager ReloadAssembly
Native extension for WindowsStandalone target not found
Native extension for WebGL target not found
Refreshing native plugins compatible for Editor in 0.54 ms, found 0 plugins.
Preloading 0 native plugins for Editor in 0.00 ms.
Mono: successfully reloaded assembly
- Completed reload, in  0.857 seconds
Platform modules already initialized, skipping
Refreshing native plugins compatible for Editor in 0.51 ms, found 0 plugins.
Preloading 0 native plugins for Editor in 0.00 ms.
Unloading 1657 Unused Serialized files (Serialized files now loaded: 0)
System memory in use before: 74.8 MB.
System memory in use after: 74.9 MB.

Unloading 40 unused Assets to reduce memory usage. Loaded Objects now: 2253.
Total: 4.956200 ms (FindLiveObjects: 0.143800 ms CreateObjectMapping: 0.050100 ms MarkObjects: 4.736200 ms  DeleteObjects: 0.025200 ms)

========================================================================
Received Prepare
Registering precompiled user dll's ...
Registered in 0.002056 seconds.
Begin MonoManager ReloadAssembly
Native extension for WindowsStandalone target not found
Native extension for WebGL target not found
Refreshing native plugins compatible for Editor in 0.53 ms, found 0 plugins.
Preloading 0 native plugins for Editor in 0.00 ms.
Mono: successfully reloaded assembly
- Completed reload, in  0.860 seconds
Platform modules already initialized, skipping
Refreshing native plugins compatible for Editor in 0.53 ms, found 0 plugins.
Preloading 0 native plugins for Editor in 0.00 ms.
Unloading 1657 Unused Serialized files (Serialized files now loaded: 0)
System memory in use before: 74.8 MB.
System memory in use after: 74.9 MB.

Unloading 40 unused Assets to reduce memory usage. Loaded Objects now: 2256.
Total: 5.087900 ms (FindLiveObjects: 0.169100 ms CreateObjectMapping: 0.055600 ms MarkObjects: 4.838300 ms  DeleteObjects: 0.023600 ms)

========================================================================
Received Prepare
Registering precompiled user dll's ...
Registered in 0.002039 seconds.
Begin MonoManager ReloadAssembly
Native extension for WindowsStandalone target not found
Native extension for WebGL target not found
Refreshing native plugins compatible for Editor in 0.51 ms, found 0 plugins.
Preloading 0 native plugins for Editor in 0.00 ms.
Mono: successfully reloaded assembly
- Completed reload, in  0.879 seconds
Platform modules already initialized, skipping
Refreshing native plugins compatible for Editor in 0.53 ms, found 0 plugins.
Preloading 0 native plugins for Editor in 0.00 ms.
Unloading 1657 Unused Serialized files (Serialized files now loaded: 0)
System memory in use before: 74.8 MB.
System memory in use after: 74.9 MB.

Unloading 40 unused Assets to reduce memory usage. Loaded Objects now: 2259.
Total: 4.893300 ms (FindLiveObjects: 0.171500 ms CreateObjectMapping: 0.049800 ms MarkObjects: 4.647400 ms  DeleteObjects: 0.023500 ms)

========================================================================
Received Prepare
Registering precompiled user dll's ...
Registered in 0.002143 seconds.
Begin MonoManager ReloadAssembly
Native extension for WindowsStandalone target not found
Native extension for WebGL target not found
Refreshing native plugins compatible for Editor in 0.53 ms, found 0 plugins.
Preloading 0 native plugins for Editor in 0.00 ms.
Mono: successfully reloaded assembly
- Completed reload, in  0.864 seconds
Platform modules already initialized, skipping
Refreshing native plugins compatible for Editor in 0.51 ms, found 0 plugins.
Preloading 0 native plugins for Editor in 0.00 ms.
Unloading 1657 Unused Serialized files (Serialized files now loaded: 0)
System memory in use before: 74.8 MB.
System memory in use after: 74.9 MB.

Unloading 40 unused Assets to reduce memory usage. Loaded Objects now: 2262.
Total: 4.968800 ms (FindLiveObjects: 0.175400 ms CreateObjectMapping: 0.049600 ms MarkObjects: 4.724600 ms  DeleteObjects: 0.018200 ms)

========================================================================
Received Import Request.
  Time since last request: 104.794965 seconds.
  path: Assets/Scenes/MenuScene.unity
  artifactKey: Guid(aa5400a6d66a82245b674b1ebc465713) Importer(815301076,1909f56bfc062723c751e8b465ee728b)
Start importing Assets/Scenes/MenuScene.unity using Guid(aa5400a6d66a82245b674b1ebc465713) Importer(815301076,1909f56bfc062723c751e8b465ee728b)  -> (artifact id: '5171022076eff4d62a73382fbbe4ea53') in 0.010372 seconds
  Import took 0.012838 seconds .

========================================================================
Received Prepare
Registering precompiled user dll's ...
Registered in 0.002045 seconds.
Begin MonoManager ReloadAssembly
Native extension for WindowsStandalone target not found
Native extension for WebGL target not found
Refreshing native plugins compatible for Editor in 0.52 ms, found 0 plugins.
Preloading 0 native plugins for Editor in 0.00 ms.
Mono: successfully reloaded assembly
- Completed reload, in  0.856 seconds
Platform modules already initialized, skipping
Refreshing native plugins compatible for Editor in 0.51 ms, found 0 plugins.
Preloading 0 native plugins for Editor in 0.00 ms.
Unloading 1657 Unused Serialized files (Serialized files now loaded: 0)
System memory in use before: 74.8 MB.
System memory in use after: 74.9 MB.

Unloading 40 unused Assets to reduce memory usage. Loaded Objects now: 2265.
Total: 4.711700 ms (FindLiveObjects: 0.157200 ms CreateObjectMapping: 0.055400 ms MarkObjects: 4.478400 ms  DeleteObjects: 0.019700 ms)

========================================================================
Received Import Request.
  Time since last request: 96.423082 seconds.
  path: Assets/Scenes/GameScene.unity
  artifactKey: Guid(fcb6d6b60d36291489127d35e6c7cc48) Importer(815301076,1909f56bfc062723c751e8b465ee728b)
Start importing Assets/Scenes/GameScene.unity using Guid(fcb6d6b60d36291489127d35e6c7cc48) Importer(815301076,1909f56bfc062723c751e8b465ee728b)  -> (artifact id: '6dbd251d6d1e59978171f757b3ee3d6c') in 0.009691 seconds
  Import took 0.012161 seconds .

========================================================================
Received Prepare
Registering precompiled user dll's ...
Registered in 0.002032 seconds.
Begin MonoManager ReloadAssembly
Native extension for WindowsStandalone target not found
Native extension for WebGL target not found
Refreshing native plugins compatible for Editor in 0.51 ms, found 0 plugins.
Preloading 0 native plugins for Editor in 0.00 ms.
Mono: successfully reloaded assembly
- Completed reload, in  0.858 seconds
Platform modules already initialized, skipping
Refreshing native plugins compatible for Editor in 0.51 ms, found 0 plugins.
Preloading 0 native plugins for Editor in 0.00 ms.
Unloading 1657 Unused Serialized files (Serialized files now loaded: 0)
System memory in use before: 74.8 MB.
System memory in use after: 74.9 MB.

Unloading 40 unused Assets to reduce memory usage. Loaded Objects now: 2268.
Total: 4.930600 ms (FindLiveObjects: 0.158900 ms CreateObjectMapping: 0.054000 ms MarkObjects: 4.694600 ms  DeleteObjects: 0.022300 ms)

========================================================================
Received Prepare
Registering precompiled user dll's ...
Registered in 0.002042 seconds.
Begin MonoManager ReloadAssembly
Native extension for WindowsStandalone target not found
Native extension for WebGL target not found
Refreshing native plugins compatible for Editor in 0.51 ms, found 0 plugins.
Preloading 0 native plugins for Editor in 0.00 ms.
Mono: successfully reloaded assembly
- Completed reload, in  0.841 seconds
Platform modules already initialized, skipping
Refreshing native plugins compatible for Editor in 0.50 ms, found 0 plugins.
Preloading 0 native plugins for Editor in 0.00 ms.
Unloading 1657 Unused Serialized files (Serialized files now loaded: 0)
System memory in use before: 74.9 MB.
System memory in use after: 75.0 MB.

Unloading 40 unused Assets to reduce memory usage. Loaded Objects now: 2271.
Total: 4.786600 ms (FindLiveObjects: 0.157400 ms CreateObjectMapping: 0.053600 ms MarkObjects: 4.551000 ms  DeleteObjects: 0.023600 ms)

========================================================================
Received Prepare
Registering precompiled user dll's ...
Registered in 0.002070 seconds.
Begin MonoManager ReloadAssembly
Native extension for WindowsStandalone target not found
Native extension for WebGL target not found
Refreshing native plugins compatible for Editor in 0.56 ms, found 0 plugins.
Preloading 0 native plugins for Editor in 0.00 ms.
Mono: successfully reloaded assembly
- Completed reload, in  0.847 seconds
Platform modules already initialized, skipping
Refreshing native plugins compatible for Editor in 0.52 ms, found 0 plugins.
Preloading 0 native plugins for Editor in 0.00 ms.
Unloading 1657 Unused Serialized files (Serialized files now loaded: 0)
System memory in use before: 74.9 MB.
System memory in use after: 75.0 MB.

Unloading 40 unused Assets to reduce memory usage. Loaded Objects now: 2274.
Total: 5.126800 ms (FindLiveObjects: 0.163100 ms CreateObjectMapping: 0.049000 ms MarkObjects: 4.887600 ms  DeleteObjects: 0.026300 ms)

========================================================================
Received Prepare
Registering precompiled user dll's ...
Registered in 0.002034 seconds.
Begin MonoManager ReloadAssembly
Native extension for WindowsStandalone target not found
Native extension for WebGL target not found
Refreshing native plugins compatible for Editor in 0.51 ms, found 0 plugins.
Preloading 0 native plugins for Editor in 0.00 ms.
Mono: successfully reloaded assembly
- Completed reload, in  0.870 seconds
Platform modules already initialized, skipping
Refreshing native plugins compatible for Editor in 0.50 ms, found 0 plugins.
Preloading 0 native plugins for Editor in 0.00 ms.
Unloading 1657 Unused Serialized files (Serialized files now loaded: 0)
System memory in use before: 74.9 MB.
System memory in use after: 75.0 MB.

Unloading 40 unused Assets to reduce memory usage. Loaded Objects now: 2277.
Total: 4.854000 ms (FindLiveObjects: 0.151600 ms CreateObjectMapping: 0.051700 ms MarkObjects: 4.625500 ms  DeleteObjects: 0.024100 ms)

========================================================================
Received Prepare
Registering precompiled user dll's ...
Registered in 0.002016 seconds.
Begin MonoManager ReloadAssembly
Native extension for WindowsStandalone target not found
Native extension for WebGL target not found
Refreshing native plugins compatible for Editor in 0.51 ms, found 0 plugins.
Preloading 0 native plugins for Editor in 0.00 ms.
Mono: successfully reloaded assembly
- Completed reload, in  0.856 seconds
Platform modules already initialized, skipping
Refreshing native plugins compatible for Editor in 0.52 ms, found 0 plugins.
Preloading 0 native plugins for Editor in 0.00 ms.
Unloading 1657 Unused Serialized files (Serialized files now loaded: 0)
System memory in use before: 74.9 MB.
System memory in use after: 75.0 MB.

Unloading 40 unused Assets to reduce memory usage. Loaded Objects now: 2280.
Total: 4.694500 ms (FindLiveObjects: 0.158100 ms CreateObjectMapping: 0.053600 ms MarkObjects: 4.463400 ms  DeleteObjects: 0.018400 ms)

